8=FIX4.4,35=D,34=52,49=M3,56=MS,52=2024-08-06-10:51:33,55=AAPL,40=2,38=23231,21=2,11=algo20240806105133,60=2024-08-06-10:51:33,54=2,44=1276.37,10=0252;
8=FIX4.4,35=D,34=52,49=M3,56=MS,52=2024-08-06-10:51:33,55=AAPL,40=2,38=23231,21=2,11=algo20240806105133,60=2024-08-06-10:51:33,54=2,44=1276.37,10=0252;
8=FIX4.4,35=D,34=54,49=M3,56=MS,52=2024-08-06-10:51:38,55=MSFT,40=2,38=1640,21=2,11=algo20240806105138,60=2024-08-06-10:51:38,54=2,44=59.89,10=0252;
8=FIX4.4,35=D,34=56,49=M3,56=MS,52=2024-08-06-10:51:41,55=AMZN,40=2,38=3187,21=2,11=algo20240806105141,60=2024-08-06-10:51:41,54=2,44=133.47,10=0252;
8=FIX4.4,35=D,34=57,49=M3,56=MS,52=2024-08-06-10:51:45,55=FB,40=2,38=19601,21=2,11=algo20240806105145,60=2024-08-06-10:51:45,54=2,44=430.62,10=0252;
8=FIX4.4,35=D,34=58,49=M3,56=MS,52=2024-08-06-10:51:46,55=GOOG,40=2,38=1808,21=2,11=algo20240806105146,60=2024-08-06-10:51:46,54=1,44=42.05,10=0252;
8=FIX4.4,35=D,34=58,49=M3,56=MS,52=2024-08-06-10:51:46,55=GOOG,40=2,38=1808,21=2,11=algo20240806105146,60=2024-08-06-10:51:46,54=1,44=42.05,10=0252;
8=FIX4.4,35=D,34=59,49=M3,56=MS,52=2024-08-06-10:51:48,55=GOOGL,40=2,38=1660,21=2,11=algo20240806105148,60=2024-08-06-10:51:48,54=1,44=289.20,10=0252;
8=FIX4.4,35=D,34=60,49=M3,56=MS,52=2024-08-06-10:51:52,55=INTC,40=2,38=6805,21=2,11=algo20240806105152,60=2024-08-06-10:51:52,54=2,44=339.13,10=0252;
8=FIX4.4,35=D,34=62,49=M3,56=MS,52=2024-08-06-10:51:54,55=PEP,40=2,38=3799,21=2,11=algo20240806105154,60=2024-08-06-10:51:54,54=2,44=36.21,10=0252;
8=FIX4.4,35=D,34=64,49=M3,56=MS,52=2024-08-06-10:51:56,55=NFLX,40=2,38=6625,21=2,11=algo20240806105156,60=2024-08-06-10:51:56,54=2,44=306.71,10=0252;
8=FIX4.4,35=D,34=66,49=M3,56=MS,52=2024-08-06-10:51:58,55=CSCO,40=2,38=11340,21=2,11=algo20240806105158,60=2024-08-06-10:51:58,54=1,44=233.73,10=0252;
8=FIX4.4,35=D,34=68,49=M3,56=MS,52=2024-08-06-10:52:00,55=AMGN,40=2,38=23769,21=2,11=algo20240806105200,60=2024-08-06-10:52:00,54=2,44=116.62,10=0252;
8=FIX4.4,35=D,34=70,49=M3,56=MS,52=2024-08-06-10:52:03,55=PYPL,40=2,38=25729,21=2,11=algo20240806105203,60=2024-08-06-10:52:03,54=2,44=723.61,10=0252;
8=FIX4.4,35=D,34=72,49=M3,56=MS,52=2024-08-06-10:52:06,55=TSLA,40=2,38=22543,21=2,11=algo20240806105206,60=2024-08-06-10:52:06,54=2,44=503.77,10=0252;
8=FIX4.4,35=D,34=74,49=M3,56=MS,52=2024-08-06-10:52:08,55=TXN,40=2,38=18822,21=2,11=algo20240806105208,60=2024-08-06-10:52:08,54=1,44=112.46,10=0252;
8=FIX4.4,35=D,34=75,49=M3,56=MS,52=2024-08-06-10:52:09,55=AVGO,40=2,38=21410,21=2,11=algo20240806105209,60=2024-08-06-10:52:09,54=2,44=262.99,10=0252;
8=FIX4.4,35=D,34=76,49=M3,56=MS,52=2024-08-06-10:52:11,55=GILD,40=2,38=1197,21=2,11=algo20240806105211,60=2024-08-06-10:52:11,54=2,44=82.91,10=0252;
8=FIX4.4,35=D,34=78,49=M3,56=MS,52=2024-08-06-10:52:13,55=SBUX,40=2,38=20563,21=2,11=algo20240806105213,60=2024-08-06-10:52:13,54=2,44=75.71,10=0252;
8=FIX4.4,35=D,34=80,49=M3,56=MS,52=2024-08-06-10:52:15,55=QCOM,40=2,38=25379,21=2,11=algo20240806105215,60=2024-08-06-10:52:15,54=1,44=75.47,10=0252;
8=FIX4.4,35=D,34=82,49=M3,56=MS,52=2024-08-06-10:52:19,55=TMUS,40=2,38=31720,21=2,11=algo20240806105219,60=2024-08-06-10:52:19,54=1,44=90.74,10=0252;
8=FIX4.4,35=D,34=83,49=M3,56=MS,52=2024-08-06-10:52:22,55=MDLZ,40=2,38=7932,21=2,11=algo20240806105222,60=2024-08-06-10:52:22,54=2,44=52.26,10=0252;
8=FIX4.4,35=D,34=85,49=M3,56=MS,52=2024-08-06-10:52:25,55=BAC,40=2,38=8092,21=2,11=algo20240806105225,60=2024-08-06-10:52:25,54=1,44=22.03,10=0252;
8=FIX4.4,35=D,34=87,49=M3,56=MS,52=2024-08-06-10:52:29,55=DDD,40=2,38=4359,21=2,11=algo20240806105229,60=2024-08-06-10:52:29,54=2,44=8.01,10=0252;
8=FIX4.4,35=D,34=88,49=M3,56=MS,52=2024-08-06-10:52:30,55=MMM,40=2,38=31995,21=2,11=algo20240806105230,60=2024-08-06-10:52:30,54=1,44=146.98,10=0252;
8=FIX4.4,35=D,34=90,49=M3,56=MS,52=2024-08-06-10:52:32,55=WBAI,40=2,38=14296,21=2,11=algo20240806105232,60=2024-08-06-10:52:32,54=1,44=4.10,10=0252;
8=FIX4.4,35=D,34=92,49=M3,56=MS,52=2024-08-06-10:52:34,55=WUBA,40=2,38=24489,21=2,11=algo20240806105234,60=2024-08-06-10:52:34,54=2,44=51.41,10=0252;
8=FIX4.4,35=D,34=93,49=M3,56=MS,52=2024-08-06-10:52:38,55=EGHT,40=2,38=1662,21=2,11=algo20240806105238,60=2024-08-06-10:52:38,54=2,44=17.03,10=0252;
8=FIX4.4,35=D,34=94,49=M3,56=MS,52=2024-08-06-10:52:40,55=AHC,40=2,38=12972,21=2,11=algo20240806105240,60=2024-08-06-10:52:40,54=1,44=1.40,10=0252;
8=FIX4.4,35=D,34=96,49=M3,56=MS,52=2024-08-06-10:52:42,55=AOS,40=2,38=30379,21=2,11=algo20240806105242,60=2024-08-06-10:52:42,54=2,44=40.38,10=0252;
8=FIX4.4,35=D,34=98,49=M3,56=MS,52=2024-08-06-10:52:44,55=ATEN,40=2,38=21978,21=2,11=algo20240806105244,60=2024-08-06-10:52:44,54=2,44=6.45,10=0252;
8=FIX4.4,35=D,34=100,49=M3,56=MS,52=2024-08-06-10:52:46,55=AIR,40=2,38=5702,21=2,11=algo20240806105246,60=2024-08-06-10:52:46,54=1,44=16.31,10=0252;
8=FIX4.4,35=D,34=102,49=M3,56=MS,52=2024-08-06-10:52:48,55=AAN,40=2,38=10764,21=2,11=algo20240806105248,60=2024-08-06-10:52:48,54=2,44=25.68,10=0252;
8=FIX4.4,35=D,34=104,49=M3,56=MS,52=2024-08-06-10:52:52,55=ABB,40=2,38=14772,21=2,11=algo20240806105252,60=2024-08-06-10:52:52,54=1,44=17.42,10=0252;
8=FIX4.4,35=D,34=106,49=M3,56=MS,52=2024-08-06-10:52:54,55=ABT,40=2,38=15757,21=2,11=algo20240806105254,60=2024-08-06-10:52:54,54=1,44=94.04,10=0252;
8=FIX4.4,35=D,34=108,49=M3,56=MS,52=2024-08-06-10:52:56,55=ABBV,40=2,38=1016,21=2,11=algo20240806105256,60=2024-08-06-10:52:56,54=1,44=83.60,10=0252;
8=FIX4.4,35=D,34=109,49=M3,56=MS,52=2024-08-06-10:52:59,55=ANF,40=2,38=24796,21=2,11=algo20240806105259,60=2024-08-06-10:52:59,54=2,44=9.10,10=0252;
8=FIX4.4,35=D,34=111,49=M3,56=MS,52=2024-08-06-10:53:03,55=ABM,40=2,38=17149,21=2,11=algo20240806105303,60=2024-08-06-10:53:03,54=1,44=31.64,10=0252;
8=FIX4.4,35=D,34=112,49=M3,56=MS,52=2024-08-06-10:53:05,55=AAPL,40=2,38=9286,21=2,11=algo20240806105305,60=2024-08-06-10:53:05,54=1,44=284.65,10=0252;
8=FIX4.4,35=D,34=114,49=M3,56=MS,52=2024-08-06-10:53:09,55=PEP,40=2,38=32059,21=2,11=algo20240806105309,60=2024-08-06-10:53:09,54=2,44=45.43,10=0252;
8=FIX4.4,35=D,34=116,49=M3,56=MS,52=2024-08-06-10:53:11,55=,40=2,38=30234,21=2,11=algo20240806105311,60=2024-08-06-10:53:11,54=1,44=,10=0252;
